Build started 16/04/28 20:19:38.
     1>Project "F:\1My\Learn\onlineCourse\CG_online\Ray Tracing\Ray Tracing\Ray Tracing.vcxproj" on node 2 (Build target(s)).
     1>ClCompile:
         D:\Program Files (x86)\Microsoft Visual Studio 12.0\VC\bin\CL.exe /c /I"F:\1My\Learn\onlineCourse\CG_online\Ray Tracing\Ray Tracing\glm-0.9.7.4\glm" /I"F:\1My\Learn\onlineCourse\CG_online\Ray Tracing\Ray Tracing\include" /Zi /nologo /W3 /WX- /sdl /O2 /Oi /Oy- /GL /D WIN32 /D NDEBUG /D _CONSOLE /D _LIB /D _UNICODE /D UNICODE /Gm- /EHsc /MD /GS /Gy /fp:precise /Zc:wchar_t /Zc:forScope /openmp- /Fo"Release\\" /Fd"Release\vc120.pdb" /Gd /TP /analyze- /errorReport:prompt raytrace.cpp
         raytrace.cpp
     1>f:\1my\learn\onlinecourse\cg_online\ray tracing\ray tracing\variables.h(56): warning C4091: 'extern ' : ignored on left of 'vertexnormal' when no variable is declared
     1>f:\1my\learn\onlinecourse\cg_online\ray tracing\ray tracing\variables.h(66): warning C4091: 'extern ' : ignored on left of 'tri' when no variable is declared
     1>f:\1my\learn\onlinecourse\cg_online\ray tracing\ray tracing\variables.h(72): warning C4091: 'extern ' : ignored on left of 'trinormal' when no variable is declared
     1>f:\1my\learn\onlinecourse\cg_online\ray tracing\ray tracing\variables.h(83): warning C4091: 'extern ' : ignored on left of 'sphere' when no variable is declared
     1>F:\1My\Learn\onlineCourse\CG_online\Ray Tracing\Ray Tracing\include\FreeImage.h : warning C4819: The file contains a character that cannot be represented in the current code page (936). Save the file in Unicode format to prevent data loss
     1>raytrace.cpp(6): warning C4305: 'initializing' : truncation from 'double' to 'const float'
     1>raytrace.cpp(7): warning C4305: 'initializing' : truncation from 'double' to 'const float'
     1>raytrace.cpp(20): warning C4244: 'argument' : conversion from 'double' to 'float', possible loss of data
     1>raytrace.cpp(23): warning C4244: '=' : conversion from 'float' to 'BYTE', possible loss of data
     1>raytrace.cpp(24): warning C4244: '=' : conversion from 'float' to 'BYTE', possible loss of data
     1>raytrace.cpp(25): warning C4244: '=' : conversion from 'float' to 'BYTE', possible loss of data
     1>raytrace.cpp(43): warning C4305: 'initializing' : truncation from 'int' to 'float'
     1>raytrace.cpp(75): warning C4305: 'initializing' : truncation from 'int' to 'float'
     1>raytrace.cpp(112): warning C4305: 'return' : truncation from 'int' to 'float'
     1>raytrace.cpp(124): warning C4305: 'return' : truncation from 'int' to 'float'
     1>raytrace.cpp(149): warning C4305: '=' : truncation from 'int' to 'float'
     1>raytrace.cpp(170): warning C4244: 'argument' : conversion from 'float' to 'unsigned int', possible loss of data
     1>raytrace.cpp(177): warning C4244: 'argument' : conversion from 'float' to 'unsigned int', possible loss of data
       Link:
         D:\Program Files (x86)\Microsoft Visual Studio 12.0\VC\bin\link.exe /ERRORREPORT:PROMPT /OUT:"F:\1My\Learn\onlineCourse\CG_online\Ray Tracing\Release\Ray Tracing.exe" /INCREMENTAL:NO /NOLOGO /LIBPATH:"F:\1My\Learn\onlineCourse\CG_online\Ray Tracing\Ray Tracing\lib" FreeImage.lib glew32.lib glut32.lib kernel32.lib user32.lib gdi32.lib winspool.lib comdlg32.lib advapi32.lib shell32.lib ole32.lib oleaut32.lib uuid.lib odbc32.lib odbccp32.lib /MANIFEST /MANIFESTUAC:"level='asInvoker' uiAccess='false'" /manifest:embed /DEBUG /PDB:"F:\1My\Learn\onlineCourse\CG_online\Ray Tracing\Release\Ray Tracing.pdb" /SUBSYSTEM:CONSOLE /OPT:REF /OPT:ICF /LTCG /TLBID:1 /DYNAMICBASE /NXCOMPAT /IMPLIB:"F:\1My\Learn\onlineCourse\CG_online\Ray Tracing\Release\Ray Tracing.lib" /MACHINE:X86 /SAFESEH Release\main.obj
         Release\raytrace.obj
         Release\readfile.obj
         Release\Transform.obj
         Generating code
         Finished generating code
         Ray Tracing.vcxproj -> F:\1My\Learn\onlineCourse\CG_online\Ray Tracing\Release\Ray Tracing.exe
     1>Done Building Project "F:\1My\Learn\onlineCourse\CG_online\Ray Tracing\Ray Tracing\Ray Tracing.vcxproj" (Build target(s)).

Build succeeded.

Time Elapsed 00:00:01.75
