f:\1my\learn\onlinecourse\cg_online\ray tracing\ray tracing\release\vc120.pdb
f:\1my\learn\onlinecourse\cg_online\ray tracing\ray tracing\release\transform.nativecodeanalysis.xml
f:\1my\learn\onlinecourse\cg_online\ray tracing\ray tracing\release\readfile.nativecodeanalysis.xml
f:\1my\learn\onlinecourse\cg_online\ray tracing\ray tracing\release\raytrace.nativecodeanalysis.xml
f:\1my\learn\onlinecourse\cg_online\ray tracing\ray tracing\release\main.nativecodeanalysis.xml
f:\1my\learn\onlinecourse\cg_online\ray tracing\ray tracing\release\main.obj
f:\1my\learn\onlinecourse\cg_online\ray tracing\ray tracing\release\raytrace.obj
f:\1my\learn\onlinecourse\cg_online\ray tracing\ray tracing\release\readfile.obj
f:\1my\learn\onlinecourse\cg_online\ray tracing\ray tracing\release\transform.obj
f:\1my\learn\onlinecourse\cg_online\ray tracing\release\ray tracing.exe
f:\1my\learn\onlinecourse\cg_online\ray tracing\release\ray tracing.pdb
f:\1my\learn\onlinecourse\cg_online\ray tracing\ray tracing\release\nativecodeanalysis.read.1.tlog
f:\1my\learn\onlinecourse\cg_online\ray tracing\ray tracing\release\vc.nativecodeanalysis.all.xml
f:\1my\learn\onlinecourse\cg_online\ray tracing\release\ray tracing.exe.lastcodeanalysissucceeded
f:\1my\learn\onlinecourse\cg_online\ray tracing\ray tracing\release\ray tracing.tlog\cl.command.1.tlog
f:\1my\learn\onlinecourse\cg_online\ray tracing\ray tracing\release\ray tracing.tlog\cl.read.1.tlog
f:\1my\learn\onlinecourse\cg_online\ray tracing\ray tracing\release\ray tracing.tlog\cl.write.1.tlog
f:\1my\learn\onlinecourse\cg_online\ray tracing\ray tracing\release\ray tracing.tlog\link.command.1.tlog
f:\1my\learn\onlinecourse\cg_online\ray tracing\ray tracing\release\ray tracing.tlog\link.read.1.tlog
f:\1my\learn\onlinecourse\cg_online\ray tracing\ray tracing\release\ray tracing.tlog\link.write.1.tlog
